
[non L=3] starting...
[non L=3] mean_val_acc=0.8294 ± 0.0113 (3 seeds, 27.8s)

[non L=5] starting...
[non L=5] mean_val_acc=0.8841 ± 0.0064 (3 seeds, 37.7s)

[non L=7] starting...
[non L=7] mean_val_acc=0.8678 ± 0.0018 (3 seeds, 45.5s)

[non L=9] starting...
[non L=9] mean_val_acc=0.8802 ± 0.0046 (3 seeds, 49.0s)

[nc L=3] starting...
[nc L=3] mean_val_acc=0.8730 ± 0.0139 (3 seeds, 164.5s)

[nc L=5] starting...
[nc L=5] mean_val_acc=0.8874 ± 0.0060 (3 seeds, 579.8s)

[nc L=7] starting...
[nc L=7] mean_val_acc=0.8724 ± 0.0088 (3 seeds, 269.2s)

[nc L=9] starting...
[nc L=9] mean_val_acc=0.8757 ± 0.0074 (3 seeds, 364.3s)

[cc L=3] starting...
[cc L=3] mean_val_acc=0.9590 ± 0.0222 (3 seeds, 177.5s)

[cc L=5] starting...
[cc L=5] mean_val_acc=0.9772 ± 0.0106 (3 seeds, 228.2s)

[cc L=7] starting...
[cc L=7] mean_val_acc=0.9889 ± 0.0056 (3 seeds, 285.3s)

[cc L=9] starting...
[cc L=9] mean_val_acc=0.9922 ± 0.0042 (3 seeds, 319.9s)

[qc L=3] starting...
[qc L=3] mean_val_acc=0.9661 ± 0.0064 (3 seeds, 165.3s)

[qc L=5] starting...
[qc L=5] mean_val_acc=0.9922 ± 0.0042 (3 seeds, 230.0s)

[qc L=7] starting...
[qc L=7] mean_val_acc=0.9967 ± 0.0009 (3 seeds, 279.4s)

[qc L=9] starting...
[qc L=9] mean_val_acc=0.9980 ± 0.0028 (3 seeds, 359.8s)

Wrote sweep summary to /reproduced_papers/papers/distributed_qml_cc/results/sweep/sweep.json (total 3583.2s)
